[2025-11-07 20:39:38] === Scanning Scope ===
[2025-11-07 20:39:38] Current directory: /Users/3fn/Documents/Work Projects/Kiro/DesignerPunk-v2
[2025-11-07 20:39:38] Scope: Root directory only (subdirectories excluded by design)
[2025-11-07 20:39:38] Rationale: Completion docs already organized in subdirectories, new files typically appear in root
[2025-11-07 20:39:38] === File Organization Started ===
[2025-11-07 20:39:38] Scanning for files to organize
[2025-11-07 20:39:38] No files need organization
[2025-11-07 20:44:29] === Scanning Scope ===
[2025-11-07 20:44:29] Current directory: /Users/3fn/Documents/Work Projects/Kiro/DesignerPunk-v2
[2025-11-07 20:44:29] Scope: Root directory only (subdirectories excluded by design)
[2025-11-07 20:44:29] Rationale: Completion docs already organized in subdirectories, new files typically appear in root
[2025-11-07 20:44:29] === File Organization Started ===
[2025-11-07 20:44:29] Scanning for files to organize
[2025-11-07 20:44:29] No files need organization
[2025-11-07 20:45:06] === Scanning Scope ===
[2025-11-07 20:45:06] Current directory: /Users/3fn/Documents/Work Projects/Kiro/DesignerPunk-v2
[2025-11-07 20:45:06] Scope: Root directory only (subdirectories excluded by design)
[2025-11-07 20:45:06] Rationale: Completion docs already organized in subdirectories, new files typically appear in root
[2025-11-07 20:45:08] === Subdirectory Files Warning ===
[2025-11-07 20:45:08] Found 273 file(s) with organization metadata in subdirectories
[2025-11-07 20:45:08] Subdirectory file not scanned: ./strategic-framework/strategic-coordination-framework.md (Organization: framework-strategic  , Scope: cross-spec)
[2025-11-07 20:45:08] Subdirectory file not scanned: ./strategic-framework/ecosystem-narratives.md (Organization: framework-strategic, Scope: cross-spec)
[2025-11-07 20:45:08] Subdirectory file not scanned: ./strategic-framework/north-star-vision.md (Organization: framework-strategic  , Scope: cross-spec)
[2025-11-07 20:45:08] Subdirectory file not scanned: ./strategic-framework/supporting-systems-catalog.md (Organization: framework-strategic  , Scope: cross-spec)
[2025-11-07 20:45:08] Subdirectory file not scanned: ./strategic-framework/consolidated-strategic-framework.md (Organization: framework-strategic  , Scope: cross-spec)
[2025-11-07 20:45:08] Subdirectory file not scanned: ./strategic-framework/system-artifact-tracking.md (Organization: framework-strategic  , Scope: cross-spec)
[2025-11-07 20:45:08] Subdirectory file not scanned: ./strategic-framework/strategic-prioritization-matrix.md (Organization: framework-strategic  , Scope: cross-spec)
[2025-11-07 20:45:08] Subdirectory file not scanned: ./strategic-framework/system-dependencies-map.md (Organization: framework-strategic  , Scope: cross-spec)
[2025-11-07 20:45:08] Subdirectory file not scanned: ./strategic-framework/assumptions-validation-plan.md (Organization: framework-strategic  , Scope: cross-spec)
[2025-11-07 20:45:08] Subdirectory file not scanned: ./strategic-framework/README.md (Organization: framework-strategic, Scope: cross-spec)
[2025-11-07 20:45:08] Subdirectory file not scanned: ./strategic-framework/system-integration-points.md (Organization: framework-strategic  , Scope: cross-spec)
[2025-11-07 20:45:08] Subdirectory file not scanned: ./strategic-framework/knowledge-gaps-register.md (Organization: framework-strategic  , Scope: cross-spec)
[2025-11-07 20:45:08] Subdirectory file not scanned: ./strategic-framework/framework-artifact-tracking.md (Organization: framework-strategic  , Scope: cross-spec)
[2025-11-07 20:45:08] Subdirectory file not scanned: ./test-subdirectory/test-file.md (Organization: spec-completion, Scope: test-spec)
[2025-11-07 20:45:08] Subdirectory file not scanned: ./docs/token-system-overview.md (Organization: process-standard, Scope: cross-project)
[2025-11-07 20:45:08] Subdirectory file not scanned: ./docs/specs/responsive-layout-system/task-1-summary.md (Organization: spec-summary, Scope: responsive-layout-system)
[2025-11-07 20:45:08] Subdirectory file not scanned: ./docs/concepts/token-ecosystem-narrative.md (Organization: framework-strategic, Scope: cross-project)
[2025-11-07 20:45:08] Subdirectory file not scanned: ./docs/tokens/layering-tokens.md (Organization: token-documentation, Scope: cross-project)
[2025-11-07 20:45:08] Subdirectory file not scanned: ./docs/tokens/glow-tokens.md (Organization: token-documentation  , Scope: shadow-glow-token-system)
[2025-11-07 20:45:08] Subdirectory file not scanned: ./docs/tokens/shadow-tokens.md (Organization: token-documentation  , Scope: shadow-glow-token-system)
[2025-11-07 20:45:08] Subdirectory file not scanned: ./.kiro/audits/phase-1-architecture-report.md (Organization: audit-findings
audit-findings, Scope: Phase 1 Architecture Systems
phase-1-discovery-audit
phase-1-discovery-audit)
[2025-11-07 20:45:08] Subdirectory file not scanned: ./.kiro/audits/platform-implementation-comparison-matrix.md (Organization: audit-findings, Scope: phase-1-discovery-audit)
[2025-11-07 20:45:08] Subdirectory file not scanned: ./.kiro/audits/phase-1-documentation-report.md (Organization: audit-findings  , Scope: Phase 1 Documentation Systems
phase-1-discovery-audit)
[2025-11-07 20:45:08] Subdirectory file not scanned: ./.kiro/audits/phase-1-token-system-report.md (Organization: audit-findings, Scope: Phase 1 Token System
phase-1-discovery-audit)
[2025-11-07 20:45:08] Subdirectory file not scanned: ./.kiro/audits/phase-1-infrastructure-report.md (Organization: audit-findings, Scope: Phase 1 Infrastructure Systems
phase-1-discovery-audit)
[2025-11-07 20:45:08] Subdirectory file not scanned: ./.kiro/audits/phase-1-issues-registry.md (Organization: audit-findings, Scope: phase-1-discovery-audit)
[2025-11-07 20:45:08] Subdirectory file not scanned: ./.kiro/specs/border-width-tokens/usage-patterns-guide.md (Organization: spec-guide, Scope: border-width-tokens)
[2025-11-07 20:45:08] Subdirectory file not scanned: ./.kiro/specs/border-width-tokens/completion/task-4-2-completion.md (Organization: spec-completion, Scope: border-width-tokens)
[2025-11-07 20:45:08] Subdirectory file not scanned: ./.kiro/specs/border-width-tokens/completion/task-2-fix-1-completion.md (Organization: spec-completion, Scope: border-width-tokens)
[2025-11-07 20:45:08] Subdirectory file not scanned: ./.kiro/specs/border-width-tokens/completion/task-4-1-completion.md (Organization: spec-completion, Scope: border-width-tokens)
[2025-11-07 20:45:08] Subdirectory file not scanned: ./.kiro/specs/border-width-tokens/completion/task-3-completion.md (Organization: spec-completion, Scope: border-width-tokens)
[2025-11-07 20:45:08] Subdirectory file not scanned: ./.kiro/specs/border-width-tokens/completion/task-6-removal-rationale.md (Organization: spec-validation, Scope: border-width-tokens)
[2025-11-07 20:45:08] Subdirectory file not scanned: ./.kiro/specs/border-width-tokens/completion/task-2-1-completion.md (Organization: spec-completion, Scope: border-width-tokens)
[2025-11-07 20:45:09] Subdirectory file not scanned: ./.kiro/specs/border-width-tokens/completion/task-4-completion.md (Organization: spec-completion, Scope: border-width-tokens)
[2025-11-07 20:45:09] Subdirectory file not scanned: ./.kiro/specs/border-width-tokens/completion/task-1-completion.md (Organization: spec-completion, Scope: border-width-tokens)
[2025-11-07 20:45:09] Subdirectory file not scanned: ./.kiro/specs/border-width-tokens/completion/task-3-3-completion.md (Organization: spec-completion, Scope: border-width-tokens)
[2025-11-07 20:45:09] Subdirectory file not scanned: ./.kiro/specs/border-width-tokens/focus-indicator-guide.md (Organization: spec-guide, Scope: border-width-tokens)
[2025-11-07 20:45:09] Subdirectory file not scanned: ./.kiro/specs/border-width-tokens/integration-examples.md (Organization: spec-guide, Scope: border-width-tokens)
[2025-11-07 20:45:09] Subdirectory file not scanned: ./.kiro/specs/mathematical-token-system/requirements.md (Organization: spec-validation  , Scope: mathematical-token-system)
[2025-11-07 20:45:09] Subdirectory file not scanned: ./.kiro/specs/mathematical-token-system/completion/task-3-1-completion.md (Organization: spec-completion  , Scope: mathematical-token-system)
[2025-11-07 20:45:09] Subdirectory file not scanned: ./.kiro/specs/mathematical-token-system/completion/test-maintainability-recommendation.md (Organization: spec-completion  , Scope: mathematical-token-system)
[2025-11-07 20:45:09] Subdirectory file not scanned: ./.kiro/specs/mathematical-token-system/completion/task-3-5-completion.md (Organization: spec-completion  , Scope: mathematical-token-system)
[2025-11-07 20:45:09] Subdirectory file not scanned: ./.kiro/specs/mathematical-token-system/completion/task-4-2-completion.md (Organization: spec-completion  , Scope: mathematical-token-system)
[2025-11-07 20:45:09] Subdirectory file not scanned: ./.kiro/specs/mathematical-token-system/completion/task-5-1-5-completion.md (Organization: spec-completion  , Scope: mathematical-token-system)
[2025-11-07 20:45:09] Subdirectory file not scanned: ./.kiro/specs/mathematical-token-system/completion/task-5-1-6-completion.md (Organization: spec-completion  , Scope: mathematical-token-system)
[2025-11-07 20:45:09] Subdirectory file not scanned: ./.kiro/specs/mathematical-token-system/completion/task-3-2-completion.md (Organization: spec-completion  , Scope: mathematical-token-system)
[2025-11-07 20:45:09] Subdirectory file not scanned: ./.kiro/specs/mathematical-token-system/completion/task-9-3-completion.md (Organization: spec-completion  , Scope: mathematical-token-system)
[2025-11-07 20:45:09] Subdirectory file not scanned: ./.kiro/specs/mathematical-token-system/completion/task-9-completion.md (Organization: spec-completion  , Scope: mathematical-token-system)
[2025-11-07 20:45:09] Subdirectory file not scanned: ./.kiro/specs/mathematical-token-system/completion/task-4-1-completion.md (Organization: spec-completion  , Scope: mathematical-token-system)
[2025-11-07 20:45:09] Subdirectory file not scanned: ./.kiro/specs/mathematical-token-system/completion/task-7-3-completion.md (Organization: spec-completion  , Scope: mathematical-token-system)
[2025-11-07 20:45:09] Subdirectory file not scanned: ./.kiro/specs/mathematical-token-system/completion/task-2-2-completion.md (Organization: spec-completion  , Scope: mathematical-token-system)
[2025-11-07 20:45:09] Subdirectory file not scanned: ./.kiro/specs/mathematical-token-system/completion/task-8-3-completion.md (Organization: spec-completion  , Scope: mathematical-token-system)
[2025-11-07 20:45:09] Subdirectory file not scanned: ./.kiro/specs/mathematical-token-system/completion/task-2-6-completion.md (Organization: spec-completion  , Scope: mathematical-token-system)
[2025-11-07 20:45:09] Subdirectory file not scanned: ./.kiro/specs/mathematical-token-system/completion/task-2-1-completion.md (Organization: spec-completion  , Scope: mathematical-token-system)
[2025-11-07 20:45:09] Subdirectory file not scanned: ./.kiro/specs/mathematical-token-system/completion/task-5-2-completion.md (Organization: spec-completion  , Scope: mathematical-token-system)
[2025-11-07 20:45:09] Subdirectory file not scanned: ./.kiro/specs/mathematical-token-system/completion/task-2-5-completion.md (Organization: spec-completion  , Scope: mathematical-token-system  )
[2025-11-07 20:45:09] Subdirectory file not scanned: ./.kiro/specs/mathematical-token-system/completion/task-10-2-completion.md (Organization: spec-completion  , Scope: mathematical-token-system)
[2025-11-07 20:45:09] Subdirectory file not scanned: ./.kiro/specs/mathematical-token-system/completion/task-2-4-completion.md (Organization: spec-completion  , Scope: mathematical-token-system)
[2025-11-07 20:45:09] Subdirectory file not scanned: ./.kiro/specs/mathematical-token-system/completion/task-8-1-completion.md (Organization: spec-completion  , Scope: mathematical-token-system)
[2025-11-07 20:45:09] Subdirectory file not scanned: ./.kiro/specs/mathematical-token-system/completion/task-7-1-completion.md (Organization: spec-completion  , Scope: mathematical-token-system)
[2025-11-07 20:45:09] Subdirectory file not scanned: ./.kiro/specs/mathematical-token-system/completion/task-10-3-completion.md (Organization: spec-completion  , Scope: mathematical-token-system)
[2025-11-07 20:45:09] Subdirectory file not scanned: ./.kiro/specs/mathematical-token-system/completion/task-1-completion.md (Organization: spec-completion  , Scope: mathematical-token-system)
[2025-11-07 20:45:09] Subdirectory file not scanned: ./.kiro/specs/mathematical-token-system/completion/task-7-2-completion.md (Organization: spec-completion  , Scope: mathematical-token-system)
[2025-11-07 20:45:09] Subdirectory file not scanned: ./.kiro/specs/mathematical-token-system/completion/task-2-7-completion.md (Organization: spec-completion  , Scope: mathematical-token-system  )
[2025-11-07 20:45:09] Subdirectory file not scanned: ./.kiro/specs/mathematical-token-system/completion/task-8-2-completion.md (Organization: spec-completion  , Scope: mathematical-token-system)
[2025-11-07 20:45:09] Subdirectory file not scanned: ./.kiro/specs/mathematical-token-system/completion/task-2-3-completion.md (Organization: spec-completion  , Scope: mathematical-token-system)
[2025-11-07 20:45:09] Subdirectory file not scanned: ./.kiro/specs/mathematical-token-system/completion/task-6-2-completion.md (Organization: spec-completion  , Scope: mathematical-token-system)
[2025-11-07 20:45:09] Subdirectory file not scanned: ./.kiro/specs/mathematical-token-system/completion/task-9-2-completion.md (Organization: spec-completion  , Scope: mathematical-token-system)
[2025-11-07 20:45:09] Subdirectory file not scanned: ./.kiro/specs/mathematical-token-system/completion/task-3-3-completion.md (Organization: spec-completion  , Scope: mathematical-token-system)
[2025-11-07 20:45:09] Subdirectory file not scanned: ./.kiro/specs/mathematical-token-system/completion/task-4-3-completion.md (Organization: spec-completion  , Scope: mathematical-token-system)
[2025-11-07 20:45:09] Subdirectory file not scanned: ./.kiro/specs/mathematical-token-system/completion/task-3-4-completion.md (Organization: spec-completion  , Scope: mathematical-token-system)
[2025-11-07 20:45:09] Subdirectory file not scanned: ./.kiro/specs/mathematical-token-system/completion/task-9-1-completion.md (Organization: spec-completion  , Scope: mathematical-token-system)
[2025-11-07 20:45:09] Subdirectory file not scanned: ./.kiro/specs/mathematical-token-system/completion/task-6-1-completion.md (Organization: spec-completion  , Scope: mathematical-token-system)
[2025-11-07 20:45:09] Subdirectory file not scanned: ./.kiro/specs/mathematical-token-system/contamination-risks.md (Organization: spec-validation  , Scope: mathematical-token-system  )
[2025-11-07 20:45:09] Subdirectory file not scanned: ./.kiro/specs/mathematical-token-system/tasks.md (Organization: spec-validation  , Scope: mathematical-token-system)
[2025-11-07 20:45:09] Subdirectory file not scanned: ./.kiro/specs/mathematical-token-system/contamination-risks-update-baseline-grid.md (Organization: spec-validation  , Scope: mathematical-token-system  )
[2025-11-07 20:45:09] Subdirectory file not scanned: ./.kiro/specs/mathematical-token-system/design.md (Organization: spec-validation  , Scope: mathematical-token-system)
[2025-11-07 20:45:09] Subdirectory file not scanned: ./.kiro/specs/mathematical-token-system/design-decision-grid-hierarchy.md (Organization: spec-validation  , Scope: mathematical-token-system)
[2025-11-07 20:45:09] Subdirectory file not scanned: ./.kiro/specs/release-detection-infrastructure-investigation/tests/README.md (Organization: spec-validation, Scope: release-detection-infrastructure-investigation)
[2025-11-07 20:45:09] Subdirectory file not scanned: ./.kiro/specs/release-detection-infrastructure-investigation/completion/task-4-2-completion.md (Organization: spec-completion, Scope: release-detection-infrastructure-investigation)
[2025-11-07 20:45:09] Subdirectory file not scanned: ./.kiro/specs/release-detection-infrastructure-investigation/completion/task-3-2-completion.md (Organization: spec-completion, Scope: release-detection-infrastructure-investigation)
[2025-11-07 20:45:09] Subdirectory file not scanned: ./.kiro/specs/release-detection-infrastructure-investigation/completion/task-4-1-completion.md (Organization: spec-completion, Scope: release-detection-infrastructure-investigation)
[2025-11-07 20:45:09] Subdirectory file not scanned: ./.kiro/specs/release-detection-infrastructure-investigation/completion/task-5-1-completion.md (Organization: spec-completion, Scope: release-detection-infrastructure-investigation)
[2025-11-07 20:45:09] Subdirectory file not scanned: ./.kiro/specs/release-detection-infrastructure-investigation/completion/task-2-1-completion.md (Organization: spec-completion, Scope: release-detection-infrastructure-investigation)
[2025-11-07 20:45:09] Subdirectory file not scanned: ./.kiro/specs/release-detection-infrastructure-investigation/completion/task-5-completion.md (Organization: spec-completion, Scope: release-detection-infrastructure-investigation)
[2025-11-07 20:45:09] Subdirectory file not scanned: ./.kiro/specs/release-detection-infrastructure-investigation/completion/task-6-completion.md (Organization: spec-completion, Scope: release-detection-infrastructure-investigation)
[2025-11-07 20:45:09] Subdirectory file not scanned: ./.kiro/specs/release-detection-infrastructure-investigation/completion/task-2-completion.md (Organization: spec-completion, Scope: release-detection-infrastructure-investigation)
[2025-11-07 20:45:09] Subdirectory file not scanned: ./.kiro/specs/release-detection-infrastructure-investigation/completion/task-6-2-completion.md (Organization: spec-completion, Scope: release-detection-infrastructure-investigation)
[2025-11-07 20:45:29] === Scanning Scope ===
[2025-11-07 20:45:29] Current directory: /Users/3fn/Documents/Work Projects/Kiro/DesignerPunk-v2
[2025-11-07 20:45:29] Scope: Root directory only (subdirectories excluded by design)
[2025-11-07 20:45:29] Rationale: Completion docs already organized in subdirectories, new files typically appear in root
[2025-11-07 20:45:29] === File Organization Started ===
[2025-11-07 20:45:29] Scanning for files to organize
[2025-11-07 20:45:29] No files need organization
