[2025-10-22 19:04:31] Release manager hook started: hook_type=auto, source_path=
[2025-10-22 19:04:31] Detecting release triggers: type=spec-completion, source=/Users/3fn/Documents/Work Projects/Kiro/DesignerPunk-v2/.kiro/specs/cross-platform-build-system/completion/task-1-3-completion.md
[2025-10-22 19:04:31] Spec completion detected: /Users/3fn/Documents/Work Projects/Kiro/DesignerPunk-v2/.kiro/specs/cross-platform-build-system/completion/task-1-3-completion.md
[2025-10-22 19:04:31] Processing release trigger: spec-completion from /Users/3fn/Documents/Work Projects/Kiro/DesignerPunk-v2/.kiro/specs/cross-platform-build-system/completion/task-1-3-completion.md
[2025-10-22 19:04:31] SUCCESS: Release trigger created: /Users/3fn/Documents/Work Projects/Kiro/DesignerPunk-v2/.kiro/release-triggers/1761185071-spec-completion.json
[2025-10-22 19:04:31] Attempting to process trigger with TypeScript release system...
[2025-10-24 21:07:04] Release manager hook started: hook_type=auto, source_path=
[2025-10-24 21:07:04] Detecting release triggers: type=spec-completion, source=/Users/3fn/Documents/Work Projects/Kiro/DesignerPunk-v2/.kiro/specs/border-width-tokens/completion/task-1-completion.md
[2025-10-24 21:07:04] Spec completion detected: /Users/3fn/Documents/Work Projects/Kiro/DesignerPunk-v2/.kiro/specs/border-width-tokens/completion/task-1-completion.md
[2025-10-24 21:07:04] Processing release trigger: spec-completion from /Users/3fn/Documents/Work Projects/Kiro/DesignerPunk-v2/.kiro/specs/border-width-tokens/completion/task-1-completion.md
[2025-10-24 21:07:04] SUCCESS: Release trigger created: /Users/3fn/Documents/Work Projects/Kiro/DesignerPunk-v2/.kiro/release-triggers/1761365224-spec-completion.json
[2025-10-24 21:07:04] Attempting to process trigger with TypeScript release system...
[2025-10-24 21:17:44] Release manager hook started: hook_type=auto, source_path=
[2025-10-24 21:17:44] Detecting release triggers: type=spec-completion, source=/Users/3fn/Documents/Work Projects/Kiro/DesignerPunk-v2/.kiro/specs/border-width-tokens/completion/task-1-completion.md
[2025-10-24 21:17:44] Spec completion detected: /Users/3fn/Documents/Work Projects/Kiro/DesignerPunk-v2/.kiro/specs/border-width-tokens/completion/task-1-completion.md
[2025-10-24 21:17:44] Processing release trigger: spec-completion from /Users/3fn/Documents/Work Projects/Kiro/DesignerPunk-v2/.kiro/specs/border-width-tokens/completion/task-1-completion.md
[2025-10-24 21:17:44] SUCCESS: Release trigger created: /Users/3fn/Documents/Work Projects/Kiro/DesignerPunk-v2/.kiro/release-triggers/1761365864-spec-completion.json
[2025-10-24 21:17:44] Attempting to process trigger with TypeScript release system...
[2025-10-24 21:20:36] Release manager hook started: hook_type=auto, source_path=
[2025-10-24 21:20:36] Detecting release triggers: type=spec-completion, source=/Users/3fn/Documents/Work Projects/Kiro/DesignerPunk-v2/.kiro/specs/border-width-tokens/completion/task-1-completion.md
[2025-10-24 21:20:36] Spec completion detected: /Users/3fn/Documents/Work Projects/Kiro/DesignerPunk-v2/.kiro/specs/border-width-tokens/completion/task-1-completion.md
[2025-10-24 21:20:36] Processing release trigger: spec-completion from /Users/3fn/Documents/Work Projects/Kiro/DesignerPunk-v2/.kiro/specs/border-width-tokens/completion/task-1-completion.md
[2025-10-24 21:20:36] SUCCESS: Release trigger created: /Users/3fn/Documents/Work Projects/Kiro/DesignerPunk-v2/.kiro/release-triggers/1761366036-spec-completion.json
[2025-10-24 21:20:36] Attempting to process trigger with TypeScript release system...
[2025-10-24 21:22:02] Release manager hook started: hook_type=auto, source_path=
[2025-10-24 21:22:02] Detecting release triggers: type=spec-completion, source=/Users/3fn/Documents/Work Projects/Kiro/DesignerPunk-v2/.kiro/specs/border-width-tokens/completion/task-1-completion.md
[2025-10-24 21:22:02] Spec completion detected: /Users/3fn/Documents/Work Projects/Kiro/DesignerPunk-v2/.kiro/specs/border-width-tokens/completion/task-1-completion.md
[2025-10-24 21:22:02] Processing release trigger: spec-completion from /Users/3fn/Documents/Work Projects/Kiro/DesignerPunk-v2/.kiro/specs/border-width-tokens/completion/task-1-completion.md
[2025-10-24 21:22:02] SUCCESS: Release trigger created: /Users/3fn/Documents/Work Projects/Kiro/DesignerPunk-v2/.kiro/release-triggers/1761366122-spec-completion.json
[2025-10-24 21:22:02] Attempting to process trigger with TypeScript release system...
